\BOOKMARK [0][-]{chapter.1}{\376\377\000P\000a\000c\000k\000a\000g\000e\000\040\000O\000p\000t\000i\000o\000n\000s}{}% 1
\BOOKMARK [1][-]{section.1.1}{\376\377\000A\000v\000a\000i\000l\000a\000b\000l\000e\000\040\000O\000p\000t\000i\000o\000n\000s}{chapter.1}% 2
\BOOKMARK [2][-]{subsection.1.1.1}{\376\377\000a\000c\000t\000i\000f}{section.1.1}% 3
\BOOKMARK [2][-]{subsection.1.1.2}{\376\377\000p\000a\000t\000h\000a\000p\000p\000e\000n\000d\000i\000x}{section.1.1}% 4
\BOOKMARK [2][-]{subsection.1.1.3}{\376\377\000c\000o\000d\000e}{section.1.1}% 5
\BOOKMARK [2][-]{subsection.1.1.4}{\376\377\000l\000o\000g\000o}{section.1.1}% 6
\BOOKMARK [2][-]{subsection.1.1.5}{\376\377\000l\000a\000n\000g\000u\000a\000g\000e}{section.1.1}% 7
\BOOKMARK [2][-]{subsection.1.1.6}{\376\377\000f\000a\000n\000c\000y\000f\000o\000o\000t\000e\000r}{section.1.1}% 8
\BOOKMARK [2][-]{subsection.1.1.7}{\376\377\000a\000l\000g\000o}{section.1.1}% 9
\BOOKMARK [1][-]{section.1.2}{\376\377\000D\000e\000f\000a\000u\000l\000t\000\040\000V\000a\000l\000u\000e\000s\000\040\000a\000n\000d\000\040\000S\000e\000t\000t\000i\000n\000g\000s}{chapter.1}% 10
\BOOKMARK [0][-]{chapter.2}{\376\377\000F\000u\000n\000c\000t\000i\000o\000n\000a\000l\000i\000t\000y\000\040\000o\000f\000\040\000T\000o\000g\000g\000l\000e\000d\000\040\000O\000p\000t\000i\000o\000n\000s}{}% 11
\BOOKMARK [1][-]{section.2.1}{\376\377\000A\000p\000p\000e\000n\000d\000i\000c\000e\000s\000\040\000M\000a\000n\000a\000g\000e\000m\000e\000n\000t}{chapter.2}% 12
\BOOKMARK [1][-]{section.2.2}{\376\377\000C\000o\000d\000e\000\040\000L\000i\000s\000t\000i\000n\000g\000s}{chapter.2}% 13
\BOOKMARK [1][-]{section.2.3}{\376\377\000A\000l\000g\000o\000r\000i\000t\000h\000m\000s}{chapter.2}% 14
\BOOKMARK [1][-]{section.2.4}{\376\377\000P\000D\000F\000\040\000I\000n\000c\000l\000u\000s\000i\000o\000n}{chapter.2}% 15
\BOOKMARK [0][-]{chapter.3}{\376\377\000A\000p\000p\000e\000n\000d\000i\000x\000\040\000C\000o\000m\000m\000a\000n\000d\000s}{}% 16
\BOOKMARK [1][-]{section.3.1}{\376\377\000A\000p\000p\000e\000n\000d\000i\000x\000\040\000S\000t\000r\000u\000c\000t\000u\000r\000e\000\040\000i\000n\000\040\000L\000a\000T\000e\000X}{chapter.3}% 17
\BOOKMARK [1][-]{section.3.2}{\376\377\000C\000o\000m\000m\000a\000n\000d\000s\000\040\000O\000v\000e\000r\000v\000i\000e\000w}{chapter.3}% 18
\BOOKMARK [1][-]{section.3.3}{\376\377\000C\000u\000s\000t\000o\000m\000i\000z\000i\000n\000g\000\040\000A\000p\000p\000e\000n\000d\000i\000c\000e\000s}{chapter.3}% 19
\BOOKMARK [2][-]{subsection.3.3.1}{\376\377\000C\000o\000u\000n\000t\000e\000r\000s}{section.3.3}% 20
\BOOKMARK [2][-]{subsection.3.3.2}{\376\377\000L\000i\000s\000t\000\040\000o\000f\000\040\000A\000p\000p\000e\000n\000d\000i\000c\000e\000s}{section.3.3}% 21
\BOOKMARK [1][-]{section.3.4}{\376\377\000E\000x\000a\000m\000p\000l\000e\000\040\000U\000s\000a\000g\000e}{chapter.3}% 22
\BOOKMARK [1][-]{section.3.5}{\376\377\000D\000e\000p\000e\000n\000d\000e\000n\000c\000i\000e\000s}{chapter.3}% 23
