\BOOKMARK [0][-]{chapter.1}{\376\377\000P\000a\000c\000k\000a\000g\000e\000\040\000O\000p\000t\000i\000o\000n\000s}{}% 1
\BOOKMARK [1][-]{section.1.1}{\376\377\000D\000e\000t\000a\000i\000l\000e\000d\000\040\000P\000a\000c\000k\000a\000g\000e\000\040\000O\000p\000t\000i\000o\000n\000s}{chapter.1}% 2
\BOOKMARK [2][-]{subsection.1.1.1}{\376\377\000L\000e\000g\000a\000c\000y\000\040\000O\000p\000t\000i\000o\000n\000s}{section.1.1}% 3
\BOOKMARK [2][-]{subsection.1.1.2}{\376\377\000f\000o\000n\000t}{section.1.1}% 4
\BOOKMARK [2][-]{subsection.1.1.3}{\376\377\000c\000a\000l\000c}{section.1.1}% 5
\BOOKMARK [2][-]{subsection.1.1.4}{\376\377\000q\000u\000o\000t\000e}{section.1.1}% 6
\BOOKMARK [2][-]{subsection.1.1.5}{\376\377\000f\000l\000o\000a\000t\000b\000a\000r\000r\000i\000e\000r}{section.1.1}% 7
\BOOKMARK [2][-]{subsection.1.1.6}{\376\377\000l\000i\000n\000k}{section.1.1}% 8
\BOOKMARK [2][-]{subsection.1.1.7}{\376\377\000s\000v\000g}{section.1.1}% 9
\BOOKMARK [2][-]{subsection.1.1.8}{\376\377\000b\000i\000b}{section.1.1}% 10
\BOOKMARK [2][-]{subsection.1.1.9}{\376\377\000a\000c\000r\000o}{section.1.1}% 11
\BOOKMARK [2][-]{subsection.1.1.10}{\376\377\000t\000a\000b\000l\000e}{section.1.1}% 12
\BOOKMARK [2][-]{subsection.1.1.11}{\376\377\000s\000p\000a\000c\000i\000n\000g}{section.1.1}% 13
\BOOKMARK [2][-]{subsection.1.1.12}{\376\377\000l\000a\000n\000g\000u\000a\000g\000e}{section.1.1}% 14
\BOOKMARK [2][-]{subsection.1.1.13}{\376\377\000g\000e\000o\000m\000e\000t\000r\000y}{section.1.1}% 15
\BOOKMARK [2][-]{subsection.1.1.14}{\376\377\000s\000h\000o\000w\000f\000r\000a\000m\000e}{section.1.1}% 16
\BOOKMARK [2][-]{subsection.1.1.15}{\376\377\000E\000r\000r\000o\000r\000\040\000H\000a\000n\000d\000l\000i\000n\000g}{section.1.1}% 17
\BOOKMARK [0][-]{chapter.2}{\376\377\000C\000o\000m\000m\000a\000n\000d\000s}{}% 18
\BOOKMARK [1][-]{section.2.1}{\376\377\000I\000n\000t\000r\000o\000d\000u\000c\000t\000i\000o\000n}{chapter.2}% 19
\BOOKMARK [1][-]{section.2.2}{\376\377\000G\000e\000n\000e\000r\000a\000l\000\040\000T\000e\000x\000t\000\040\000a\000n\000d\000\040\000D\000o\000c\000u\000m\000e\000n\000t\000\040\000S\000t\000r\000u\000c\000t\000u\000r\000e\000\040\000C\000o\000m\000m\000a\000n\000d\000s}{chapter.2}% 20
\BOOKMARK [1][-]{section.2.3}{\376\377\000T\000a\000b\000l\000e\000\040\000a\000n\000d\000\040\000F\000i\000g\000u\000r\000e\000\040\000M\000a\000n\000a\000g\000e\000m\000e\000n\000t\000\040\000C\000o\000m\000m\000a\000n\000d\000s}{chapter.2}% 21
\BOOKMARK [2][-]{subsection.2.3.1}{\376\377\000T\000a\000b\000l\000e\000\040\000C\000o\000l\000u\000m\000n\000\040\000T\000y\000p\000e\000s\000\040\000M\000\040\000a\000n\000d\000\040\000P}{section.2.3}% 22
\BOOKMARK [1][-]{section.2.4}{\376\377\000G\000e\000o\000m\000e\000t\000r\000y\000\040\000M\000a\000n\000a\000g\000e\000m\000e\000n\000t\000\040\000C\000o\000m\000m\000a\000n\000d\000s}{chapter.2}% 23
\BOOKMARK [1][-]{section.2.5}{\376\377\000L\000i\000s\000t\000\040\000M\000a\000n\000a\000g\000e\000m\000e\000n\000t\000\040\000C\000o\000m\000m\000a\000n\000d\000s}{chapter.2}% 24
\BOOKMARK [2][-]{subsection.2.5.1}{\376\377\000E\000n\000u\000m\000e\000r\000a\000t\000i\000o\000n\000\040\000L\000i\000s\000t\000\040\000S\000t\000y\000l\000e\000s}{section.2.5}% 25
\BOOKMARK [1][-]{section.2.6}{\376\377\000M\000a\000t\000h\000\040\000C\000o\000m\000m\000a\000n\000d\000s}{chapter.2}% 26
\BOOKMARK [2][-]{subsection.2.6.1}{\376\377\000M\000a\000t\000h\000e\000m\000a\000t\000i\000c\000a\000l\000\040\000S\000y\000m\000b\000o\000l\000s\000\040\000a\000n\000d\000\040\000S\000e\000t\000s}{section.2.6}% 27
\BOOKMARK [1][-]{section.2.7}{\376\377\000F\000l\000o\000a\000t\000i\000n\000g\000\040\000E\000n\000v\000i\000r\000o\000n\000m\000e\000n\000t\000\040\000M\000a\000n\000a\000g\000e\000m\000e\000n\000t}{chapter.2}% 28
\BOOKMARK [1][-]{section.2.8}{\376\377\000T\000a\000b\000l\000e\000\040\000o\000f\000\040\000C\000o\000n\000t\000e\000n\000t\000s\000\040\000a\000n\000d\000\040\000L\000i\000s\000t\000i\000n\000g\000s\000\040\000M\000a\000n\000a\000g\000e\000m\000e\000n\000t}{chapter.2}% 29
\BOOKMARK [1][-]{section.2.9}{\376\377\000H\000y\000p\000e\000r\000l\000i\000n\000k\000s\000\040\000a\000n\000d\000\040\000R\000e\000f\000e\000r\000e\000n\000c\000e\000s}{chapter.2}% 30
\BOOKMARK [1][-]{section.2.10}{\376\377\000F\000o\000o\000t\000n\000o\000t\000e\000\040\000M\000a\000n\000a\000g\000e\000m\000e\000n\000t}{chapter.2}% 31
\BOOKMARK [1][-]{section.2.11}{\376\377\000A\000c\000r\000o\000n\000y\000m\000\040\000M\000a\000n\000a\000g\000e\000m\000e\000n\000t}{chapter.2}% 32
\BOOKMARK [1][-]{section.2.12}{\376\377\000A\000d\000d\000i\000t\000i\000o\000n\000a\000l\000\040\000E\000x\000p\000l\000a\000n\000a\000t\000i\000o\000n\000s}{chapter.2}% 33
\BOOKMARK [2][-]{subsection.2.12.1}{\376\377\000P\000r\000i\000n\000t\000i\000n\000g\000\040\000t\000h\000e\000\040\000B\000i\000b\000l\000i\000o\000g\000r\000a\000p\000h\000y}{section.2.12}% 34
\BOOKMARK [2][-]{subsection.2.12.2}{\376\377\000S\000e\000c\000t\000i\000o\000n\000\040\000N\000u\000m\000b\000e\000r\000i\000n\000g\000\040\000D\000e\000p\000t\000h\000\040\000\050\000s\000e\000c\000n\000u\000m\000d\000e\000p\000t\000h\000\051}{section.2.12}% 35
\BOOKMARK [2][-]{subsection.2.12.3}{\376\377\000T\000a\000b\000l\000e\000\040\000o\000f\000\040\000C\000o\000n\000t\000e\000n\000t\000s\000\040\000D\000e\000p\000t\000h\000\040\000\050\000t\000o\000c\000d\000e\000p\000t\000h\000\051}{section.2.12}% 36
\BOOKMARK [2][-]{subsection.2.12.4}{\376\377\000C\000o\000m\000m\000a\000n\000d\000\040\000\134\000p\000r\000e\000c\000h\000a\000p\000t\000e\000r}{section.2.12}% 37
\BOOKMARK [0][-]{chapter.3}{\376\377\000D\000e\000p\000e\000n\000d\000e\000n\000c\000i\000e\000s}{}% 38
\BOOKMARK [1][-]{section.3.1}{\376\377\000I\000n\000t\000r\000o\000d\000u\000c\000t\000i\000o\000n}{chapter.3}% 39
\BOOKMARK [1][-]{section.3.2}{\376\377\000B\000a\000s\000i\000c\000\040\000P\000a\000c\000k\000a\000g\000e\000s}{chapter.3}% 40
\BOOKMARK [2][-]{subsection.3.2.1}{\376\377\000x\000k\000e\000y\000v\000a\000l}{section.3.2}% 41
\BOOKMARK [2][-]{subsection.3.2.2}{\376\377\000i\000f\000t\000h\000e\000n}{section.3.2}% 42
\BOOKMARK [2][-]{subsection.3.2.3}{\376\377\000e\000t\000o\000o\000l\000b\000o\000x}{section.3.2}% 43
\BOOKMARK [2][-]{subsection.3.2.4}{\376\377\000f\000m\000t\000c\000o\000u\000n\000t}{section.3.2}% 44
\BOOKMARK [2][-]{subsection.3.2.5}{\376\377\000g\000e\000o\000m\000e\000t\000r\000y}{section.3.2}% 45
\BOOKMARK [2][-]{subsection.3.2.6}{\376\377\000r\000a\000g\000g\000e\000d\0002\000e}{section.3.2}% 46
\BOOKMARK [2][-]{subsection.3.2.7}{\376\377\000p\000a\000r\000s\000k\000i\000p}{section.3.2}% 47
\BOOKMARK [2][-]{subsection.3.2.8}{\376\377\000m\000u\000l\000t\000i\000c\000o\000l}{section.3.2}% 48
\BOOKMARK [2][-]{subsection.3.2.9}{\376\377\000g\000r\000a\000p\000h\000i\000c\000x}{section.3.2}% 49
\BOOKMARK [2][-]{subsection.3.2.10}{\376\377\000x\000c\000o\000l\000o\000r}{section.3.2}% 50
\BOOKMARK [2][-]{subsection.3.2.11}{\376\377\000s\000e\000t\000s\000p\000a\000c\000e}{section.3.2}% 51
\BOOKMARK [2][-]{subsection.3.2.12}{\376\377\000f\000o\000n\000t\000e\000n\000c\000\040\000\046\000\040\000i\000n\000p\000u\000t\000e\000n\000c}{section.3.2}% 52
\BOOKMARK [2][-]{subsection.3.2.13}{\376\377\000b\000a\000b\000e\000l}{section.3.2}% 53
\BOOKMARK [2][-]{subsection.3.2.14}{\376\377\000i\000s\000o\000d\000a\000t\000e}{section.3.2}% 54
\BOOKMARK [2][-]{subsection.3.2.15}{\376\377\000t\000i\000t\000l\000e\000s\000e\000c}{section.3.2}% 55
\BOOKMARK [2][-]{subsection.3.2.16}{\376\377\000a\000r\000r\000a\000y}{section.3.2}% 56
\BOOKMARK [2][-]{subsection.3.2.17}{\376\377\000m\000u\000l\000t\000i\000r\000o\000w}{section.3.2}% 57
\BOOKMARK [2][-]{subsection.3.2.18}{\376\377\000d\000i\000a\000g\000b\000o\000x}{section.3.2}% 58
\BOOKMARK [2][-]{subsection.3.2.19}{\376\377\000h\000h\000l\000i\000n\000e}{section.3.2}% 59
\BOOKMARK [2][-]{subsection.3.2.20}{\376\377\000f\000l\000o\000a\000t}{section.3.2}% 60
\BOOKMARK [2][-]{subsection.3.2.21}{\376\377\000c\000s\000q\000u\000o\000t\000e\000s}{section.3.2}% 61
\BOOKMARK [2][-]{subsection.3.2.22}{\376\377\000e\000p\000i\000g\000r\000a\000p\000h}{section.3.2}% 62
\BOOKMARK [2][-]{subsection.3.2.23}{\376\377\000c\000a\000l\000c\000u\000l\000a\000t\000o\000r}{section.3.2}% 63
\BOOKMARK [2][-]{subsection.3.2.24}{\376\377\000b\000i\000b\000l\000a\000t\000e\000x}{section.3.2}% 64
\BOOKMARK [2][-]{subsection.3.2.25}{\376\377\000s\000h\000o\000w\000f\000r\000a\000m\000e}{section.3.2}% 65
\BOOKMARK [2][-]{subsection.3.2.26}{\376\377\000w\000i\000d\000o\000w\000s\000-\000a\000n\000d\000-\000o\000r\000p\000h\000a\000n\000s}{section.3.2}% 66
\BOOKMARK [2][-]{subsection.3.2.27}{\376\377\000g\000l\000o\000s\000s\000a\000r\000i\000e\000s}{section.3.2}% 67
\BOOKMARK [1][-]{section.3.3}{\376\377\000S\000p\000e\000c\000i\000a\000l\000i\000z\000e\000d\000\040\000P\000a\000c\000k\000a\000g\000e\000s}{chapter.3}% 68
\BOOKMARK [2][-]{subsection.3.3.1}{\376\377\000s\000i\000u\000n\000i\000t\000x}{section.3.3}% 69
\BOOKMARK [2][-]{subsection.3.3.2}{\376\377\000p\000l\000a\000c\000e\000i\000n\000s}{section.3.3}% 70
\BOOKMARK [2][-]{subsection.3.3.3}{\376\377\000h\000y\000p\000e\000r\000r\000e\000f}{section.3.3}% 71
\BOOKMARK [2][-]{subsection.3.3.4}{\376\377\000e\000n\000u\000m\000i\000t\000e\000m}{section.3.3}% 72
\BOOKMARK [2][-]{subsection.3.3.5}{\376\377\000m\000a\000t\000h\000t\000o\000o\000l\000s}{section.3.3}% 73
\BOOKMARK [2][-]{subsection.3.3.6}{\376\377\000a\000m\000s\000m\000a\000t\000h\000,\000\040\000a\000m\000s\000s\000y\000m\000b\000,\000\040\000a\000m\000s\000f\000o\000n\000t\000s}{section.3.3}% 74
\BOOKMARK [2][-]{subsection.3.3.7}{\376\377\000c\000a\000p\000t\000i\000o\000n}{section.3.3}% 75
\BOOKMARK [2][-]{subsection.3.3.8}{\376\377\000s\000u\000b\000c\000a\000p\000t\000i\000o\000n}{section.3.3}% 76
\BOOKMARK [1][-]{section.3.4}{\376\377\000C\000o\000n\000c\000l\000u\000s\000i\000o\000n}{chapter.3}% 77
